make all --print-data-base --no-builtin-variables --no-builtin-rules --question
make: *** No rule to make target 'all'.  Stop.

# GNU Make 4.2.1
# Built for x86_64-pc-linux-gnu
# Copyright (C) 1988-2016 Free Software Foundation, Inc.
# License GPLv3+: GNU GPL version 3 or later <http://gnu.org/licenses/gpl.html>
# This is free software: you are free to change and redistribute it.
# There is NO WARRANTY, to the extent permitted by law.

# Make data base, printed on Wed Jun 15 16:34:11 2022

# Variables

# automatic
<D = $(patsubst %/,%,$(dir $<))
# environment
RUBY_VERSION = ruby-2.7.6
# automatic
?F = $(notdir $?)
# environment
GP_OPEN_EDITOR = /ide/bin/remote-cli/gitpod-code
# default
.SHELLFLAGS := -c
# environment
VSCODE_LOG_NATIVE = false
# environment
VSX_REGISTRY_URL = https://open-vsx.gitpod.io
# environment
GRADLE_HOME = /home/gitpod/.sdkman/candidates/gradle/current
# environment
rvm_path = /home/gitpod/.rvm
# environment
SUPERVISOR_ADDR = localhost:22999
# environment
SUPERVISOR_ENVVAR_OTS = https://gitpod.io/api/ots/get/a1c40a62-2a25-469b-b7e1-3b1e9e0053dd
# automatic
@D = $(patsubst %/,%,$(dir $@))
# automatic
@F = $(notdir $@)
# makefile
CURDIR := /workspace/crawler-test
# makefile
SHELL = /bin/sh
# environment
VSCODE_NLS_CONFIG = {"locale":"zh-TW","availableLanguages":{}}
# environment
_ = /ide/node
# environment
GITPOD_THEIA_PORT = 23000
# automatic
?D = $(patsubst %/,%,$(dir $?))
# environment
GITPOD_ANALYTICS_WRITER = segment
# environment
GO_VERSION = 1.18.3
# environment
MAVEN_HOME = /home/gitpod/.sdkman/candidates/maven/current
# makefile (from 'Makefile', line 1)
MAKEFILE_LIST :=  Makefile
# environment
GITPOD_WORKSPACE_CONTEXT_URL = https://github.com/oscar3x39/crawler-test
# 'override' directive
GNUMAKEFLAGS := 
# environment
VSCODE_VERBOSE_LOGGING = true
# environment
THEIA_WORKSPACE_ROOT = /workspace/crawler-test
# environment
INFOPATH = :/home/linuxbrew/.linuxbrew/share/info
# environment
LESSOPEN = | /usr/bin/lesspipe %s
# environment
GIT_EDITOR = /ide/bin/remote-cli/gitpod-code --wait
# environment
VSCODE_CWD = /ide
# default
MAKE_HOST := x86_64-pc-linux-gnu
# environment
PATH = /ide/bin/remote-cli:/home/gitpod/.nix-profile/bin:/workspace/.cargo/bin:/home/gitpod/.pyenv/plugins/pyenv-virtualenv/shims:/home/gitpod/.pyenv/shims:/workspace/go/bin:/home/gitpod/.nix-profile/bin:/home/gitpod/.nix-profile/bin:/home/gitpod/.sdkman/candidates/maven/current/bin:/home/gitpod/.sdkman/candidates/java/current/bin:/home/gitpod/.sdkman/candidates/gradle/current/bin:/workspace/.cargo/bin:/home/gitpod/.rvm/gems/ruby-2.7.6/bin:/home/gitpod/.rvm/gems/ruby-2.7.6@global/bin:/home/gitpod/.rvm/rubies/ruby-2.7.6/bin:/home/gitpod/.pyenv/plugins/pyenv-virtualenv/shims:/workspace/go/bin:/home/gitpod/.nix-profile/bin:/ide/bin/remote-cli:/home/gitpod/go/bin:/home/gitpod/go-packages/bin:/home/gitpod/.nvm/versions/node/v16.15.1/bin:/workspace/.pip-modules/bin:/home/gitpod/.pyenv/bin:/workspace/.rvm/bin:/home/gitpod/.cargo/bin:/home/linuxbrew/.linuxbrew/bin:/home/linuxbrew/.linuxbrew/sbin/:/usr/games:/usr/local/sbin:/usr/local/bin:/usr/sbin:/usr/bin:/sbin:/bin:/home/gitpod/.nvm/versions/node/v16.15.1/bin:/home/gitpod/.rvm/bin:/home/gitpod/.nvm/versions/node/v16.15.1/bin:/home/gitpod/.nvm/versions/node/v16.15.1/bin
# environment
GITPOD_OWNER_ID = 1bdae385-f599-46ce-8721-cce5f129210a
# environment
GITPOD_WORKSPACE_ID = oscar3x39-crawlertest-2mtesrkc27q
# environment
GITPOD_INTERVAL = 30000
# environment
CARGO_HOME = /workspace/.cargo
# environment
rvm_stored_umask = 0022
# environment
GITPOD_WORKSPACE_CLUSTER_HOST = ws-us47.gitpod.io
# environment
GITPOD_ANALYTICS_SEGMENT_KEY = bUY8IRdJ42KjLOBS9LoIHMYFBD8rSzjU
# environment
SDKMAN_DIR = /home/gitpod/.sdkman
# environment
GITPOD_REPO_ROOTS = /workspace/crawler-test
# environment
SDKMAN_CANDIDATES_API = https://api.sdkman.io/2
# environment
GOPATH = /workspace/go
# environment
SDKMAN_PLATFORM = linuxx64
# environment
VSCODE_LOG_STACK = false
# environment
VSCODE_IPC_HOOK_CLI = /tmp/vscode-ipc-ace67bea-6155-4bd0-848a-4c2747c09fcf.sock
# default
.FEATURES := target-specific order-only second-expansion else-if shortest-stem undefine oneshell archives jobserver output-sync check-symlink load
# environment
NIX_VERSION = 2.6.0
# environment
LS_COLORS = 
# automatic
%F = $(notdir $%)
# environment
GP_PREVIEW_BROWSER = /ide/bin/remote-cli/gitpod-code --preview
# environment
VISUAL = /ide/bin/remote-cli/gitpod-code
# environment
NIX_SSL_CERT_FILE = /etc/ssl/certs/ca-certificates.crt
# environment
VSCODE_PIPE_LOGGING = true
# environment
rvm_bin_path = /home/gitpod/.rvm/bin
# environment
WORKSPACEKIT_WRAP_NETNS = true
# default
.LOADED := 
# environment
GEM_HOME = /home/gitpod/.rvm/gems/ruby-2.7.6
# environment
MANPATH = /home/gitpod/.nix-profile/share/man:/home/gitpod/.nix-profile/share/man:/home/gitpod/.nix-profile/share/man:/home/gitpod/.nix-profile/share/man::/home/linuxbrew/.linuxbrew/share/man
# environment
NODE_VERSION = 16.15.1
# environment
VSCODE_AMD_ENTRYPOINT = vs/workbench/api/node/extensionHostProcess
# environment
PYENV_SHELL = bash
# environment
HOME = /home/gitpod
# environment
THEIA_WEBVIEW_EXTERNAL_ENDPOINT = webview-{{hostname}}
# environment
LESSCLOSE = /usr/bin/lesspipe %s %s
# environment
APPLICATION_INSIGHTS_NO_DIAGNOSTIC_CHANNEL = true
# environment
GITPOD_CLI_APITOKEN = X5oECHj49lbf1fyA6_HIkMqsbreXbzRY
# automatic
+F = $(notdir $+)
# environment
VSCODE_HANDLES_UNCAUGHT_ERRORS = true
# automatic
^D = $(patsubst %/,%,$(dir $^))
# environment
HOSTNAME = oscar3x39-crawlertest-2mtesrkc27q
# environment
GRADLE_USER_HOME = /workspace/.gradle/
# environment
MAKELEVEL := 0
# environment
GEM_PATH = /home/gitpod/.rvm/gems/ruby-2.7.6:/home/gitpod/.rvm/gems/ruby-2.7.6@global
# environment
SDKMAN_VERSION = 5.15.0
# default
MAKE = $(MAKE_COMMAND)
# default
MAKECMDGOALS := all
# environment
IRBRC = /home/gitpod/.rvm/rubies/ruby-2.7.6/.irbrc
# environment
SHLVL = 0
# environment
NIX_PROFILES = /nix/var/nix/profiles/default /home/gitpod/.nix-profile
# environment
GITPOD_GIT_USER_NAME = oscar3x39
# environment
JAVA_HOME = /home/gitpod/.sdkman/candidates/java/current
# default
MAKE_VERSION := 4.2.1
# environment
USER = gitpod
# makefile
.DEFAULT_GOAL := up
# environment
GOROOT = /home/gitpod/go
# environment
GITPOD_IDE_ALIAS = code
# environment
rvm_version = 1.29.12 (latest)
# automatic
%D = $(patsubst %/,%,$(dir $%))
# environment
GITPOD_REPO_ROOT = /workspace/crawler-test
# environment
PIP_USER = no
# environment
THEIA_RATELIMIT_LOG = 50
# environment
THEIA_MINI_BROWSER_HOST_PATTERN = browser-{{hostname}}
# environment
GITPOD_GIT_USER_EMAIL = oscar3x39@gmail.com
# default
MAKE_COMMAND := make
# environment
OLDPWD = /
# default
.VARIABLES := 
# automatic
*F = $(notdir $*)
# environment
GITPOD_PREVENT_METADATA_ACCESS = true
# environment
GITPOD_HOST = https://gitpod.io
# makefile
MAKEFLAGS = pqrR
# environment
MFLAGS = -pqrR
# automatic
*D = $(patsubst %/,%,$(dir $*))
# environment
NVM_DIR = /home/gitpod/.nvm
# automatic
+D = $(patsubst %/,%,$(dir $+))
# environment
rvm_user_install_flag = 1
# environment
BROWSER = /ide/bin/helpers/browser.sh
# environment
GITPOD_MEMORY = 3435
# environment
VSCODE_HANDLES_SIGPIPE = true
# environment
GITPOD_TASKS = [{"init":"make"}]
# default
MAKEFILES := 
# environment
GITPOD_CODE_HOST = https://gitpod.io
# environment
HOMEBREW_NO_AUTO_UPDATE = 1
# automatic
<F = $(notdir $<)
# environment
PIPENV_VENV_IN_PROJECT = true
# environment
TRIGGER_REBUILD = 1
# environment
GP_EXTERNAL_BROWSER = /ide/bin/remote-cli/gitpod-code --openExternal
# environment
SDKMAN_CANDIDATES_DIR = /home/gitpod/.sdkman/candidates
# environment
EDITOR = /ide/bin/remote-cli/gitpod-code
# environment
PWD = /workspace/crawler-test
# environment
LC_ALL = C
# environment
GITPOD_WORKSPACE_CONTEXT = {"isFile":false,"path":"","title":"oscar3x39/crawler-test - main","ref":"main","refType":"branch","revision":"4e41598334433e1da1bc047f626b44e70c8eaddb","repository":{"cloneUrl":"https://github.com/oscar3x39/crawler-test.git","host":"github.com","name":"crawler-test","owner":"oscar3x39","private":false},"normalizedContextURL":"https://github.com/oscar3x39/crawler-test","checkoutLocation":"crawler-test","additionalFiles":{".gitpod.yml":"# This configuration file was automatically generated by Gitpod.\n# Please adjust to your needs (see https://www.gitpod.io/docs/config-gitpod-file)\n# and commit this file to your remote git repository to share the goodness with others.\n\ntasks:\n  - init: make\n\n\n"}}
# environment
JAVA_TOOL_OPTIONS =  -Xmx3435m
# automatic
^F = $(notdir $^)
# environment
rvm_prefix = /home/gitpod
# default
SUFFIXES := 
# environment
APACHE_DOCROOT_IN_REPO = public
# environment
PYENV_VIRTUALENV_INIT = 1
# environment
NGINX_DOCROOT_IN_REPO = public
# default
.INCLUDE_DIRS = /usr/include /usr/local/include /usr/include
# environment
rvm_loaded_flag = 1
# environment
GITPOD_INSTANCE_ID = b6c64431-576e-4e6c-856b-347899144c1a
# environment
GITPOD_WORKSPACE_URL = https://oscar3x39-crawlertest-2mtesrkc27q.ws-us47.gitpod.io
# default
.RECIPEPREFIX := 
# environment
LANG = C
# environment
PYTHONUSERBASE = /workspace/.pip-modules
# environment
VSCODE_EXTHOST_WILL_SEND_SOCKET = true
# environment
MY_RUBY_HOME = /home/gitpod/.rvm/rubies/ruby-2.7.6
# variable set hash-table stats:
# Load=139/1024=14%, Rehash=0, Collisions=13/164=8%

# Pattern-specific Variable Values

# No pattern-specific variable values.

# Directories

# . (device 2346, inode 805792396): 15 files, no impossibilities.

# 15 files, no impossibilities in 1 directories.

# Implicit Rules

# No implicit rules.

# Files

link:
#  Phony target (prerequisite of .PHONY).
#  Implicit rule search has not been done.
#  File does not exist.
#  File has not been updated.
#  recipe to execute (from 'Makefile', line 13):
	docker-compose run php php artisan storage:link

# Not a target:
all:
#  Command line target.
#  Implicit rule search has been done.
#  File does not exist.
#  File has not been updated.

.PHONY: up down link refresh
#  Implicit rule search has not been done.
 
#  Modification time never checked.
#  File has not been updated.

up:
#  Phony target (prerequisite of .PHONY).
#  Implicit rule search has not been done.
#  File does not exist.
#  File has not been updated.
#  recipe to execute (from 'Makefile', line 4):
	docker-compose up -d
	docker-compose run php php artisan cache:clear
	docker-compose run php php artisan view:clear
	docker-compose run php php artisan config:clear

# Not a target:
Makefile:
#  Implicit rule search has been done.
#  Last modified 2022-06-14 18:20:47
#  File has been updated.
#  Successfully updated.

refresh:
#  Phony target (prerequisite of .PHONY).
#  Implicit rule search has not been done.
#  File does not exist.
#  File has not been updated.
#  recipe to execute (from 'Makefile', line 16):
	docker-compose up -d
	docker-compose run php php artisan migrate:refresh --force
	docker-compose run php php artisan db:seed --force
	docker-compose run php php artisan storage:link

# Not a target:
.DEFAULT:
#  Implicit rule search has not been done.
#  Modification time never checked.
#  File has not been updated.

down:
#  Phony target (prerequisite of .PHONY).
#  Implicit rule search has not been done.
#  File does not exist.
#  File has not been updated.
#  recipe to execute (from 'Makefile', line 10):
	docker-compose down -v

# files hash-table stats:
# Load=9/1024=1%, Rehash=0, Collisions=0/27=0%
# VPATH Search Paths

# No 'vpath' search paths.

# No general ('VPATH' variable) search path.

# strcache buffers: 1 (0) / strings = 25 / storage = 217 B / avg = 8 B
# current buf: size = 8162 B / used = 217 B / count = 25 / avg = 8 B

# strcache performance: lookups = 38 / hit rate = 34%
# hash-table stats:
# Load=25/8192=0%, Rehash=0, Collisions=1/38=3%
# Finished Make data base on Wed Jun 15 16:34:11 2022

 
